Group name is: left_arm
Base frame is: torso_lift_link
Tip frame is: l_wrist_roll_link
Resolution is: 0.1
Theta resolution is: 16
Collision checking is turned 1
Grasp applicability is turned 1
ik_attempts: 3
ik_timeout: 0.1
Polygon name is: table1
Bounding box width : 1.4
Bounding box length: 0.65
Bounding box center: (0, 0)
Number of width  cells: 14
Number of length cells: 6
Number of grid   cells: 84
Number of inverse capabilities to compute: 1037295
Maximum percent of inverse capability: 68.9429
Number of total inverse capabilities: 12607
Number of rejected poses due to grasp applicability: 39713
Total computation time (in s): 18511.3
days: 0
hours: 5
min: 8
seconds: 31