Group name is: left_arm
Base frame is: torso_lift_link
Tip frame is: l_wrist_roll_link
Resolution is: 0.05
Theta resolution is: 16
Collision checking is turned 1
Grasp applicability is turned 1
ik_attempts: 3
ik_timeout: 0.1
Polygon name is: table2
Bounding box width : 1
Bounding box length: 1.5
Bounding box center: (0, 0)
Number of width  cells: 20
Number of length cells: 30
Number of grid   cells: 600
Number of inverse capabilities to compute: 32617704
Maximum percent of inverse capability: 42.3564
Number of total inverse capabilities: 117169
Number of rejected poses due to grasp applicability: 493917
Total computation time (in s): 392599
days: 4
hours: 13
min: 3
seconds: 18